

 NAS Parallel Benchmarks 3.4 -- IS Benchmark

 Size:  65536  (class S)
 Iterations:   10
 Number of processes:     2


 IS Benchmark Completed
 Class           =                        S
 Size            =                    65536
 Iterations      =                       10
 Time in seconds =                    68.62
 Total processes =                        2
 Active procs    =                        2
 Mop/s total     =                     0.01
 Mop/s/process   =                     0.00
 Operation type  =              keys ranked
 Verification    =               SUCCESSFUL
 Version         =                      3.4
 Compile date    =              09 Jul 2019

 Compile options:
    MPICC        = mpicc
    CLINK        = $(MPICC)
    CMPI_LIB     = (none)
    CMPI_INC     = (none)
    CFLAGS       = -O3
    CLINKFLAGS   = $(CFLAGS)


 Please send feedbacks and/or the results of this run to:

 NPB Development Team
 npb@nas.nasa.gov


